<?xml version="1.0" encoding="UTF-8"?>
<robot generator="Robot 4.1.2 (Python 3.10.0 on win32)" generated="20211024 21:09:43.453" rpa="false" schemaversion="2">
<suite id="s1" name="KariyerNetFilterTest" source="C:\Users\Lenovo\Desktop\ProjeOdevi\Tests\KariyerNetFilterTest.robot">
<test id="s1-t1" name="verify the filters">
<kw name="check the filter page" library="kariyerNetApp">
<kw name="open browser to index page" library="kariyerNet">
<kw name="Open Browser" library="SeleniumLibrary">
<arg>about:blank</arg>
<arg>${browser}</arg>
<doc>Opens a new browser instance to the optional ``url``.</doc>
<msg timestamp="20211024 21:09:43.971" level="INFO">Opening browser 'chrome' to base url 'about:blank'.</msg>
<status status="PASS" starttime="20211024 21:09:43.970" endtime="20211024 21:09:46.117"/>
</kw>
<kw name="Maximize Browser Window" library="SeleniumLibrary">
<doc>Maximizes current browser window.</doc>
<status status="PASS" starttime="20211024 21:09:46.118" endtime="20211024 21:09:46.253"/>
</kw>
<status status="PASS" starttime="20211024 21:09:43.970" endtime="20211024 21:09:46.253"/>
</kw>
<kw name="go to Homopage" library="kariyerNet">
<kw name="Go To" library="SeleniumLibrary">
<arg>${HOMOPAGE}</arg>
<doc>Navigates the current browser window to the provided ``url``.</doc>
<msg timestamp="20211024 21:09:46.255" level="INFO">Opening url 'https://www.kariyer.net/'</msg>
<status status="PASS" starttime="20211024 21:09:46.254" endtime="20211024 21:09:49.936"/>
</kw>
<kw name="Click Element" library="SeleniumLibrary">
<arg>xpath://*[@id="index-page"]/body/div[6]/div[1]/button</arg>
<doc>Click the element identified by ``locator``.</doc>
<msg timestamp="20211024 21:09:49.938" level="INFO">Clicking element 'xpath://*[@id="index-page"]/body/div[6]/div[1]/button'.</msg>
<status status="PASS" starttime="20211024 21:09:49.936" endtime="20211024 21:09:50.172"/>
</kw>
<status status="PASS" starttime="20211024 21:09:46.254" endtime="20211024 21:09:50.173"/>
</kw>
<kw name="go to detailed search page" library="kariyerNet">
<kw name="Wait Until Page Contains" library="SeleniumLibrary">
<arg>DETAYLI ARA</arg>
<doc>Waits until ``text`` appears on the current page.</doc>
<status status="PASS" starttime="20211024 21:09:50.174" endtime="20211024 21:09:50.213"/>
</kw>
<kw name="Click Element" library="SeleniumLibrary">
<arg>id=btnFindDetailWork</arg>
<doc>Click the element identified by ``locator``.</doc>
<msg timestamp="20211024 21:09:50.214" level="INFO">Clicking element 'id=btnFindDetailWork'.</msg>
<status status="PASS" starttime="20211024 21:09:50.213" endtime="20211024 21:09:55.402"/>
</kw>
<status status="PASS" starttime="20211024 21:09:50.173" endtime="20211024 21:09:55.403"/>
</kw>
<kw name="check the job search page" library="kariyerNet">
<kw name="Wait Until Location Contains" library="SeleniumLibrary">
<arg>ilanlari</arg>
<doc>Waits until the current URL contains ``expected``.</doc>
<status status="PASS" starttime="20211024 21:09:55.404" endtime="20211024 21:09:55.463"/>
</kw>
<status status="PASS" starttime="20211024 21:09:55.403" endtime="20211024 21:09:55.463"/>
</kw>
<kw name="select the city" library="kariyerNet">
<kw name="Click Element" library="SeleniumLibrary">
<arg>css=.cursor-pointer.text-secondary .material-icons</arg>
<doc>Click the element identified by ``locator``.</doc>
<msg timestamp="20211024 21:09:55.465" level="INFO">Clicking element 'css=.cursor-pointer.text-secondary .material-icons'.</msg>
<status status="PASS" starttime="20211024 21:09:55.464" endtime="20211024 21:09:56.008"/>
</kw>
<kw name="Wait Until Element Is Visible" library="SeleniumLibrary">
<arg>css=[placeholder="Şehir Ara"]</arg>
<doc>Waits until the element ``locator`` is visible.</doc>
<status status="PASS" starttime="20211024 21:09:56.008" endtime="20211024 21:09:56.147"/>
</kw>
<kw name="Input Text" library="SeleniumLibrary">
<arg>css=[placeholder="Şehir Ara"]</arg>
<arg>Mersin</arg>
<doc>Types the given ``text`` into the text field identified by ``locator``.</doc>
<msg timestamp="20211024 21:09:56.149" level="INFO">Typing text 'Mersin' into text field 'css=[placeholder="Şehir Ara"]'.</msg>
<status status="PASS" starttime="20211024 21:09:56.148" endtime="20211024 21:09:58.203"/>
</kw>
<kw name="Sleep" library="BuiltIn">
<arg>2s</arg>
<doc>Pauses the test executed for the given time.</doc>
<msg timestamp="20211024 21:10:00.210" level="INFO">Slept 2 seconds</msg>
<status status="PASS" starttime="20211024 21:09:58.204" endtime="20211024 21:10:00.210"/>
</kw>
<kw name="Click Element" library="SeleniumLibrary">
<arg>css=.modal-body.mr-4.pr-3 .value.w-auto</arg>
<doc>Click the element identified by ``locator``.</doc>
<msg timestamp="20211024 21:10:00.212" level="INFO">Clicking element 'css=.modal-body.mr-4.pr-3 .value.w-auto'.</msg>
<status status="PASS" starttime="20211024 21:10:00.211" endtime="20211024 21:10:00.725"/>
</kw>
<kw name="Click Element" library="SeleniumLibrary">
<arg>css=.modal-blue-border.k-shadow [class='material-icons p-1']</arg>
<doc>Click the element identified by ``locator``.</doc>
<msg timestamp="20211024 21:10:00.726" level="INFO">Clicking element 'css=.modal-blue-border.k-shadow [class='material-icons p-1']'.</msg>
<status status="PASS" starttime="20211024 21:10:00.725" endtime="20211024 21:10:01.496"/>
</kw>
<status status="PASS" starttime="20211024 21:09:55.464" endtime="20211024 21:10:01.496"/>
</kw>
<kw name="select the district" library="kariyerNet">
<kw name="Click Element" library="SeleniumLibrary">
<arg>css=[data-test="district-title"]</arg>
<doc>Click the element identified by ``locator``.</doc>
<msg timestamp="20211024 21:10:01.500" level="INFO">Clicking element 'css=[data-test="district-title"]'.</msg>
<status status="PASS" starttime="20211024 21:10:01.498" endtime="20211024 21:10:02.387"/>
</kw>
<kw name="Wait Until Element Is Visible" library="SeleniumLibrary">
<arg>css=[placeholder="İlçe Ara"]</arg>
<doc>Waits until the element ``locator`` is visible.</doc>
<status status="PASS" starttime="20211024 21:10:02.387" endtime="20211024 21:10:02.468"/>
</kw>
<kw name="Input Text" library="SeleniumLibrary">
<arg>css=[placeholder="İlçe Ara"]</arg>
<arg>Yenişehir</arg>
<doc>Types the given ``text`` into the text field identified by ``locator``.</doc>
<msg timestamp="20211024 21:10:02.468" level="INFO">Typing text 'Yenişehir' into text field 'css=[placeholder="İlçe Ara"]'.</msg>
<status status="PASS" starttime="20211024 21:10:02.468" endtime="20211024 21:10:03.104"/>
</kw>
<kw name="Sleep" library="BuiltIn">
<arg>2s</arg>
<doc>Pauses the test executed for the given time.</doc>
<msg timestamp="20211024 21:10:05.106" level="INFO">Slept 2 seconds</msg>
<status status="PASS" starttime="20211024 21:10:03.104" endtime="20211024 21:10:05.106"/>
</kw>
<kw name="Click Element" library="SeleniumLibrary">
<arg>xpath://div[@id='filter-section']/div[@class='k-space large right']/div/div[1]/div/div[2]/div/div[3]/div[@class='calculated-width']/div[@role='dialog']/div/div/div[@class='modal-body mr-4 pr-3']//div[@class='value w-auto']</arg>
<doc>Click the element identified by ``locator``.</doc>
<msg timestamp="20211024 21:10:05.108" level="INFO">Clicking element 'xpath://div[@id='filter-section']/div[@class='k-space large right']/div/div[1]/div/div[2]/div/div[3]/div[@class='calculated-width']/div[@role='dialog']/div/div/div[@class='modal-body mr-4 pr-3']//div[@class='value w-auto']'.</msg>
<status status="PASS" starttime="20211024 21:10:05.107" endtime="20211024 21:10:05.324"/>
</kw>
<kw name="Click Element" library="SeleniumLibrary">
<arg>css=.modal-backdrop</arg>
<doc>Click the element identified by ``locator``.</doc>
<msg timestamp="20211024 21:10:05.324" level="INFO">Clicking element 'css=.modal-backdrop'.</msg>
<status status="PASS" starttime="20211024 21:10:05.324" endtime="20211024 21:10:05.625"/>
</kw>
<status status="PASS" starttime="20211024 21:10:01.497" endtime="20211024 21:10:05.625"/>
</kw>
<kw name="click the 3 date" library="kariyerNet">
<kw name="Click Element" library="SeleniumLibrary">
<arg>css=div:nth-of-type(5) &gt; .custom-control-label</arg>
<doc>Click the element identified by ``locator``.</doc>
<msg timestamp="20211024 21:10:05.626" level="INFO">Clicking element 'css=div:nth-of-type(5) &gt; .custom-control-label'.</msg>
<status status="PASS" starttime="20211024 21:10:05.626" endtime="20211024 21:10:05.844"/>
</kw>
<status status="PASS" starttime="20211024 21:10:05.625" endtime="20211024 21:10:05.845"/>
</kw>
<kw name="click the expert" library="kariyerNet">
<kw name="Scroll Element Into View" library="SeleniumLibrary">
<arg>css=div:nth-child(6) [class='title text-secondary t-2 w-5']</arg>
<doc>Scrolls the element identified by ``locator`` into view.</doc>
<status status="PASS" starttime="20211024 21:10:05.846" endtime="20211024 21:10:06.241"/>
</kw>
<kw name="Click Element" library="SeleniumLibrary">
<arg>css=div:nth-of-type(4) &gt; .bg-white.k-filter-checkbox .collapse.collapse-content.pt-2.show.w-100 &gt; div &gt; div:nth-of-type(4) &gt; .checkbox-items &gt; .k-checkbox-items &gt; .custom-checkbox.custom-control &gt; .custom-control-label &gt; .value.w-auto</arg>
<doc>Click the element identified by ``locator``.</doc>
<msg timestamp="20211024 21:10:06.241" level="INFO">Clicking element 'css=div:nth-of-type(4) &gt; .bg-white.k-filter-checkbox .collapse.collapse-content.pt-2.show.w-100 &gt; div &gt; div:nth-of-type(4) &gt; .checkbox-items &gt; .k-checkbox-items &gt; .custom-checkbox.custom-control &gt; .custom-control-label &gt; .value.w-auto'.</msg>
<status status="PASS" starttime="20211024 21:10:06.241" endtime="20211024 21:10:06.451"/>
</kw>
<status status="PASS" starttime="20211024 21:10:05.845" endtime="20211024 21:10:06.452"/>
</kw>
<kw name="click the apply" library="kariyerNet">
<kw name="Click Element" library="SeleniumLibrary">
<arg>css=[data-test="apply-button"]</arg>
<doc>Click the element identified by ``locator``.</doc>
<msg timestamp="20211024 21:10:06.452" level="INFO">Clicking element 'css=[data-test="apply-button"]'.</msg>
<status status="PASS" starttime="20211024 21:10:06.452" endtime="20211024 21:10:06.673"/>
</kw>
<status status="PASS" starttime="20211024 21:10:06.452" endtime="20211024 21:10:06.673"/>
</kw>
<kw name="Sleep" library="BuiltIn">
<arg>5s</arg>
<doc>Pauses the test executed for the given time.</doc>
<msg timestamp="20211024 21:10:11.678" level="INFO">Slept 5 seconds</msg>
<status status="PASS" starttime="20211024 21:10:06.674" endtime="20211024 21:10:11.678"/>
</kw>
<kw name="check the filters" library="kariyerNet">
<kw name="Page Should Contain" library="SeleniumLibrary">
<arg>Seçili Filtreler (4)</arg>
<doc>Verifies that current page contains ``text``.</doc>
<msg timestamp="20211024 21:10:11.708" level="INFO">Current page contains text 'Seçili Filtreler (4)'.</msg>
<status status="PASS" starttime="20211024 21:10:11.679" endtime="20211024 21:10:11.709"/>
</kw>
<kw name="Page Should Contain Element" library="SeleniumLibrary">
<arg>css=.chips-wrapper</arg>
<doc>Verifies that element ``locator`` is found on the current page.</doc>
<msg timestamp="20211024 21:10:11.727" level="INFO">Current page contains element 'css=.chips-wrapper'.</msg>
<status status="PASS" starttime="20211024 21:10:11.709" endtime="20211024 21:10:11.727"/>
</kw>
<status status="PASS" starttime="20211024 21:10:11.679" endtime="20211024 21:10:11.727"/>
</kw>
<kw name="click on the remove district filter" library="kariyerNet">
<kw name="Click Element" library="SeleniumLibrary">
<arg>css=div:nth-of-type(2) &gt; .material-icons</arg>
<doc>Click the element identified by ``locator``.</doc>
<msg timestamp="20211024 21:10:11.728" level="INFO">Clicking element 'css=div:nth-of-type(2) &gt; .material-icons'.</msg>
<status status="PASS" starttime="20211024 21:10:11.728" endtime="20211024 21:10:11.890"/>
</kw>
<status status="PASS" starttime="20211024 21:10:11.728" endtime="20211024 21:10:11.890"/>
</kw>
<kw name="check the removed district filter" library="kariyerNet">
<kw name="Page Should Contain" library="SeleniumLibrary">
<arg>Seçili Filtreler (3)</arg>
<doc>Verifies that current page contains ``text``.</doc>
<msg timestamp="20211024 21:10:11.959" level="INFO">Current page contains text 'Seçili Filtreler (3)'.</msg>
<status status="PASS" starttime="20211024 21:10:11.891" endtime="20211024 21:10:11.959"/>
</kw>
<kw name="Page Should Not Contain Element" library="SeleniumLibrary">
<arg>rxpath:///span[@innertext='Yenişehir']</arg>
<doc>Verifies that element ``locator`` is not found on the current page.</doc>
<msg timestamp="20211024 21:10:11.999" level="INFO">Current page does not contain element 'rxpath:///span[@innertext='Yenişehir']'.</msg>
<status status="PASS" starttime="20211024 21:10:11.959" endtime="20211024 21:10:11.999"/>
</kw>
<status status="PASS" starttime="20211024 21:10:11.891" endtime="20211024 21:10:11.999"/>
</kw>
<kw name="click on the removed expert filter" library="kariyerNet">
<kw name="Click Element" library="SeleniumLibrary">
<arg>css=div:nth-of-type(3) &gt; .material-icons</arg>
<doc>Click the element identified by ``locator``.</doc>
<msg timestamp="20211024 21:10:12.000" level="INFO">Clicking element 'css=div:nth-of-type(3) &gt; .material-icons'.</msg>
<status status="PASS" starttime="20211024 21:10:12.000" endtime="20211024 21:10:12.588"/>
</kw>
<kw name="Page Should Not Contain Element" library="SeleniumLibrary">
<arg>rxpath:///span[@innertext='Uzman']</arg>
<doc>Verifies that element ``locator`` is not found on the current page.</doc>
<msg timestamp="20211024 21:10:13.595" level="INFO">Current page does not contain element 'rxpath:///span[@innertext='Uzman']'.</msg>
<status status="PASS" starttime="20211024 21:10:12.589" endtime="20211024 21:10:13.596"/>
</kw>
<status status="PASS" starttime="20211024 21:10:11.999" endtime="20211024 21:10:13.597"/>
</kw>
<kw name="check the removed expert filer" library="kariyerNet">
<kw name="Page Should Contain" library="SeleniumLibrary">
<arg>Seçili Filtreler (2)</arg>
<doc>Verifies that current page contains ``text``.</doc>
<msg timestamp="20211024 21:10:13.835" level="INFO">Current page contains text 'Seçili Filtreler (2)'.</msg>
<status status="PASS" starttime="20211024 21:10:13.599" endtime="20211024 21:10:13.835"/>
</kw>
<status status="PASS" starttime="20211024 21:10:13.597" endtime="20211024 21:10:13.835"/>
</kw>
<kw name="Sleep" library="BuiltIn">
<arg>5s</arg>
<doc>Pauses the test executed for the given time.</doc>
<msg timestamp="20211024 21:10:18.838" level="INFO">Slept 5 seconds</msg>
<status status="PASS" starttime="20211024 21:10:13.836" endtime="20211024 21:10:18.838"/>
</kw>
<kw name="close the browser" library="kariyerNet">
<kw name="Close Browser" library="SeleniumLibrary">
<doc>Closes the current browser.</doc>
<status status="PASS" starttime="20211024 21:10:18.839" endtime="20211024 21:10:21.296"/>
</kw>
<status status="PASS" starttime="20211024 21:10:18.838" endtime="20211024 21:10:21.296"/>
</kw>
<status status="PASS" starttime="20211024 21:09:43.969" endtime="20211024 21:10:21.296"/>
</kw>
<status status="PASS" starttime="20211024 21:09:43.967" endtime="20211024 21:10:21.297"/>
</test>
<test id="s1-t2" name="verify the clear all filters">
<kw name="check the clear filters and date filter" library="kariyerNetApp">
<kw name="open browser to index page" library="kariyerNet">
<kw name="Open Browser" library="SeleniumLibrary">
<arg>about:blank</arg>
<arg>${browser}</arg>
<doc>Opens a new browser instance to the optional ``url``.</doc>
<msg timestamp="20211024 21:10:21.301" level="INFO">Opening browser 'chrome' to base url 'about:blank'.</msg>
<status status="PASS" starttime="20211024 21:10:21.300" endtime="20211024 21:10:23.520"/>
</kw>
<kw name="Maximize Browser Window" library="SeleniumLibrary">
<doc>Maximizes current browser window.</doc>
<status status="PASS" starttime="20211024 21:10:23.520" endtime="20211024 21:10:23.658"/>
</kw>
<status status="PASS" starttime="20211024 21:10:21.300" endtime="20211024 21:10:23.658"/>
</kw>
<kw name="go to Homopage" library="kariyerNet">
<kw name="Go To" library="SeleniumLibrary">
<arg>${HOMOPAGE}</arg>
<doc>Navigates the current browser window to the provided ``url``.</doc>
<msg timestamp="20211024 21:10:23.659" level="INFO">Opening url 'https://www.kariyer.net/'</msg>
<status status="PASS" starttime="20211024 21:10:23.659" endtime="20211024 21:10:27.125"/>
</kw>
<kw name="Click Element" library="SeleniumLibrary">
<arg>xpath://*[@id="index-page"]/body/div[6]/div[1]/button</arg>
<doc>Click the element identified by ``locator``.</doc>
<msg timestamp="20211024 21:10:27.125" level="INFO">Clicking element 'xpath://*[@id="index-page"]/body/div[6]/div[1]/button'.</msg>
<status status="PASS" starttime="20211024 21:10:27.125" endtime="20211024 21:10:27.375"/>
</kw>
<status status="PASS" starttime="20211024 21:10:23.658" endtime="20211024 21:10:27.375"/>
</kw>
<kw name="go to detailed search page" library="kariyerNet">
<kw name="Wait Until Page Contains" library="SeleniumLibrary">
<arg>DETAYLI ARA</arg>
<doc>Waits until ``text`` appears on the current page.</doc>
<status status="PASS" starttime="20211024 21:10:27.376" endtime="20211024 21:10:27.398"/>
</kw>
<kw name="Click Element" library="SeleniumLibrary">
<arg>id=btnFindDetailWork</arg>
<doc>Click the element identified by ``locator``.</doc>
<msg timestamp="20211024 21:10:27.399" level="INFO">Clicking element 'id=btnFindDetailWork'.</msg>
<status status="PASS" starttime="20211024 21:10:27.398" endtime="20211024 21:10:33.027"/>
</kw>
<status status="PASS" starttime="20211024 21:10:27.376" endtime="20211024 21:10:33.027"/>
</kw>
<kw name="check the job search page" library="kariyerNet">
<kw name="Wait Until Location Contains" library="SeleniumLibrary">
<arg>ilanlari</arg>
<doc>Waits until the current URL contains ``expected``.</doc>
<status status="PASS" starttime="20211024 21:10:33.028" endtime="20211024 21:10:33.061"/>
</kw>
<status status="PASS" starttime="20211024 21:10:33.027" endtime="20211024 21:10:33.062"/>
</kw>
<kw name="select the city" library="kariyerNet">
<kw name="Click Element" library="SeleniumLibrary">
<arg>css=.cursor-pointer.text-secondary .material-icons</arg>
<doc>Click the element identified by ``locator``.</doc>
<msg timestamp="20211024 21:10:33.064" level="INFO">Clicking element 'css=.cursor-pointer.text-secondary .material-icons'.</msg>
<status status="PASS" starttime="20211024 21:10:33.063" endtime="20211024 21:10:33.372"/>
</kw>
<kw name="Wait Until Element Is Visible" library="SeleniumLibrary">
<arg>css=[placeholder="Şehir Ara"]</arg>
<doc>Waits until the element ``locator`` is visible.</doc>
<status status="PASS" starttime="20211024 21:10:33.372" endtime="20211024 21:10:33.584"/>
</kw>
<kw name="Input Text" library="SeleniumLibrary">
<arg>css=[placeholder="Şehir Ara"]</arg>
<arg>Mersin</arg>
<doc>Types the given ``text`` into the text field identified by ``locator``.</doc>
<msg timestamp="20211024 21:10:33.585" level="INFO">Typing text 'Mersin' into text field 'css=[placeholder="Şehir Ara"]'.</msg>
<status status="PASS" starttime="20211024 21:10:33.585" endtime="20211024 21:10:34.081"/>
</kw>
<kw name="Sleep" library="BuiltIn">
<arg>2s</arg>
<doc>Pauses the test executed for the given time.</doc>
<msg timestamp="20211024 21:10:36.093" level="INFO">Slept 2 seconds</msg>
<status status="PASS" starttime="20211024 21:10:34.081" endtime="20211024 21:10:36.093"/>
</kw>
<kw name="Click Element" library="SeleniumLibrary">
<arg>css=.modal-body.mr-4.pr-3 .value.w-auto</arg>
<doc>Click the element identified by ``locator``.</doc>
<msg timestamp="20211024 21:10:36.094" level="INFO">Clicking element 'css=.modal-body.mr-4.pr-3 .value.w-auto'.</msg>
<status status="PASS" starttime="20211024 21:10:36.093" endtime="20211024 21:10:36.321"/>
</kw>
<kw name="Click Element" library="SeleniumLibrary">
<arg>css=.modal-blue-border.k-shadow [class='material-icons p-1']</arg>
<doc>Click the element identified by ``locator``.</doc>
<msg timestamp="20211024 21:10:36.323" level="INFO">Clicking element 'css=.modal-blue-border.k-shadow [class='material-icons p-1']'.</msg>
<status status="PASS" starttime="20211024 21:10:36.322" endtime="20211024 21:10:36.667"/>
</kw>
<status status="PASS" starttime="20211024 21:10:33.062" endtime="20211024 21:10:36.668"/>
</kw>
<kw name="select the district" library="kariyerNet">
<kw name="Click Element" library="SeleniumLibrary">
<arg>css=[data-test="district-title"]</arg>
<doc>Click the element identified by ``locator``.</doc>
<msg timestamp="20211024 21:10:36.669" level="INFO">Clicking element 'css=[data-test="district-title"]'.</msg>
<status status="PASS" starttime="20211024 21:10:36.668" endtime="20211024 21:10:36.984"/>
</kw>
<kw name="Wait Until Element Is Visible" library="SeleniumLibrary">
<arg>css=[placeholder="İlçe Ara"]</arg>
<doc>Waits until the element ``locator`` is visible.</doc>
<status status="PASS" starttime="20211024 21:10:36.984" endtime="20211024 21:10:37.083"/>
</kw>
<kw name="Input Text" library="SeleniumLibrary">
<arg>css=[placeholder="İlçe Ara"]</arg>
<arg>Yenişehir</arg>
<doc>Types the given ``text`` into the text field identified by ``locator``.</doc>
<msg timestamp="20211024 21:10:37.083" level="INFO">Typing text 'Yenişehir' into text field 'css=[placeholder="İlçe Ara"]'.</msg>
<status status="PASS" starttime="20211024 21:10:37.083" endtime="20211024 21:10:37.587"/>
</kw>
<kw name="Sleep" library="BuiltIn">
<arg>2s</arg>
<doc>Pauses the test executed for the given time.</doc>
<msg timestamp="20211024 21:10:39.598" level="INFO">Slept 2 seconds</msg>
<status status="PASS" starttime="20211024 21:10:37.588" endtime="20211024 21:10:39.598"/>
</kw>
<kw name="Click Element" library="SeleniumLibrary">
<arg>xpath://div[@id='filter-section']/div[@class='k-space large right']/div/div[1]/div/div[2]/div/div[3]/div[@class='calculated-width']/div[@role='dialog']/div/div/div[@class='modal-body mr-4 pr-3']//div[@class='value w-auto']</arg>
<doc>Click the element identified by ``locator``.</doc>
<msg timestamp="20211024 21:10:39.599" level="INFO">Clicking element 'xpath://div[@id='filter-section']/div[@class='k-space large right']/div/div[1]/div/div[2]/div/div[3]/div[@class='calculated-width']/div[@role='dialog']/div/div/div[@class='modal-body mr-4 pr-3']//div[@class='value w-auto']'.</msg>
<status status="PASS" starttime="20211024 21:10:39.598" endtime="20211024 21:10:39.794"/>
</kw>
<kw name="Click Element" library="SeleniumLibrary">
<arg>css=.modal-backdrop</arg>
<doc>Click the element identified by ``locator``.</doc>
<msg timestamp="20211024 21:10:39.795" level="INFO">Clicking element 'css=.modal-backdrop'.</msg>
<status status="PASS" starttime="20211024 21:10:39.794" endtime="20211024 21:10:40.034"/>
</kw>
<status status="PASS" starttime="20211024 21:10:36.668" endtime="20211024 21:10:40.034"/>
</kw>
<kw name="click the 15 date" library="kariyerNet">
<kw name="Click Element" library="SeleniumLibrary">
<arg>css=div:nth-of-type(7) &gt; .custom-control-label</arg>
<doc>Click the element identified by ``locator``.</doc>
<msg timestamp="20211024 21:10:40.036" level="INFO">Clicking element 'css=div:nth-of-type(7) &gt; .custom-control-label'.</msg>
<status status="PASS" starttime="20211024 21:10:40.035" endtime="20211024 21:10:40.533"/>
</kw>
<status status="PASS" starttime="20211024 21:10:40.035" endtime="20211024 21:10:40.533"/>
</kw>
<kw name="click the expert" library="kariyerNet">
<kw name="Scroll Element Into View" library="SeleniumLibrary">
<arg>css=div:nth-child(6) [class='title text-secondary t-2 w-5']</arg>
<doc>Scrolls the element identified by ``locator`` into view.</doc>
<status status="PASS" starttime="20211024 21:10:40.534" endtime="20211024 21:10:41.998"/>
</kw>
<kw name="Click Element" library="SeleniumLibrary">
<arg>css=div:nth-of-type(4) &gt; .bg-white.k-filter-checkbox .collapse.collapse-content.pt-2.show.w-100 &gt; div &gt; div:nth-of-type(4) &gt; .checkbox-items &gt; .k-checkbox-items &gt; .custom-checkbox.custom-control &gt; .custom-control-label &gt; .value.w-auto</arg>
<doc>Click the element identified by ``locator``.</doc>
<msg timestamp="20211024 21:10:42.000" level="INFO">Clicking element 'css=div:nth-of-type(4) &gt; .bg-white.k-filter-checkbox .collapse.collapse-content.pt-2.show.w-100 &gt; div &gt; div:nth-of-type(4) &gt; .checkbox-items &gt; .k-checkbox-items &gt; .custom-checkbox.custom-control &gt; .custom-control-label &gt; .value.w-auto'.</msg>
<status status="PASS" starttime="20211024 21:10:41.999" endtime="20211024 21:10:42.485"/>
</kw>
<status status="PASS" starttime="20211024 21:10:40.533" endtime="20211024 21:10:42.485"/>
</kw>
<kw name="click the apply" library="kariyerNet">
<kw name="Click Element" library="SeleniumLibrary">
<arg>css=[data-test="apply-button"]</arg>
<doc>Click the element identified by ``locator``.</doc>
<msg timestamp="20211024 21:10:42.487" level="INFO">Clicking element 'css=[data-test="apply-button"]'.</msg>
<status status="PASS" starttime="20211024 21:10:42.486" endtime="20211024 21:10:42.673"/>
</kw>
<status status="PASS" starttime="20211024 21:10:42.486" endtime="20211024 21:10:42.674"/>
</kw>
<kw name="Sleep" library="BuiltIn">
<arg>5s</arg>
<doc>Pauses the test executed for the given time.</doc>
<msg timestamp="20211024 21:10:47.699" level="INFO">Slept 5 seconds</msg>
<status status="PASS" starttime="20211024 21:10:42.674" endtime="20211024 21:10:47.699"/>
</kw>
<kw name="check the filters" library="kariyerNet">
<kw name="Page Should Contain" library="SeleniumLibrary">
<arg>Seçili Filtreler (4)</arg>
<doc>Verifies that current page contains ``text``.</doc>
<msg timestamp="20211024 21:10:47.765" level="INFO">Current page contains text 'Seçili Filtreler (4)'.</msg>
<status status="PASS" starttime="20211024 21:10:47.704" endtime="20211024 21:10:47.766"/>
</kw>
<kw name="Page Should Contain Element" library="SeleniumLibrary">
<arg>css=.chips-wrapper</arg>
<doc>Verifies that element ``locator`` is found on the current page.</doc>
<msg timestamp="20211024 21:10:47.797" level="INFO">Current page contains element 'css=.chips-wrapper'.</msg>
<status status="PASS" starttime="20211024 21:10:47.766" endtime="20211024 21:10:47.797"/>
</kw>
<status status="PASS" starttime="20211024 21:10:47.700" endtime="20211024 21:10:47.797"/>
</kw>
<kw name="click the clear filters" library="kariyerNet">
<kw name="Click Element" library="SeleniumLibrary">
<arg>css=.clear-filter</arg>
<doc>Click the element identified by ``locator``.</doc>
<msg timestamp="20211024 21:10:47.798" level="INFO">Clicking element 'css=.clear-filter'.</msg>
<status status="PASS" starttime="20211024 21:10:47.798" endtime="20211024 21:10:48.334"/>
</kw>
<status status="PASS" starttime="20211024 21:10:47.797" endtime="20211024 21:10:48.334"/>
</kw>
<kw name="Sleep" library="BuiltIn">
<arg>5s</arg>
<doc>Pauses the test executed for the given time.</doc>
<msg timestamp="20211024 21:10:53.350" level="INFO">Slept 5 seconds</msg>
<status status="PASS" starttime="20211024 21:10:48.334" endtime="20211024 21:10:53.350"/>
</kw>
<kw name="close the browser" library="kariyerNet">
<kw name="Close Browser" library="SeleniumLibrary">
<doc>Closes the current browser.</doc>
<status status="PASS" starttime="20211024 21:10:53.351" endtime="20211024 21:10:55.731"/>
</kw>
<status status="PASS" starttime="20211024 21:10:53.350" endtime="20211024 21:10:55.731"/>
</kw>
<status status="PASS" starttime="20211024 21:10:21.299" endtime="20211024 21:10:55.731"/>
</kw>
<status status="PASS" starttime="20211024 21:10:21.298" endtime="20211024 21:10:55.733"/>
</test>
<status status="PASS" starttime="20211024 21:09:43.456" endtime="20211024 21:10:55.735"/>
</suite>
<statistics>
<total>
<stat pass="2" fail="0" skip="0">All Tests</stat>
</total>
<tag>
</tag>
<suite>
<stat pass="2" fail="0" skip="0" id="s1" name="KariyerNetFilterTest">KariyerNetFilterTest</stat>
</suite>
</statistics>
<errors>
</errors>
</robot>
